0 verbose cli /data/data/com.termux/files/usr/bin/node /data/data/com.termux/files/usr/bin/npm
1 info using npm@10.9.2
2 info using node@v22.15.1
3 silly config load:file:/data/data/com.termux/files/usr/lib/node_modules/npm/npmrc
4 silly config load:file:/data/data/com.termux/files/home/wa-bot/.npmrc
5 silly config load:file:/data/data/com.termux/files/home/.npmrc
6 silly config load:file:/data/data/com.termux/files/usr/etc/npmrc
7 verbose title npm init
8 verbose argv "init" "--yes"
9 verbose logfile logs-max:10 dir:/data/data/com.termux/files/home/.npm/_logs/2025-05-31T19_08_34_557Z-
10 verbose logfile /data/data/com.termux/files/home/.npm/_logs/2025-05-31T19_08_34_557Z-debug-0.log
11 silly logfile start cleaning logs, removing 1 files
12 silly logfile done cleaning log files
13 silly package data {
13 silly package data   name: 'wa-bot',
13 silly package data   version: '1.0.0',
13 silly package data   main: 'index.js',
13 silly package data   scripts: { test: 'echo "Error: no test specified" && exit 1' },
13 silly package data   keywords: [],
13 silly package data   author: '',
13 silly package data   license: 'ISC',
13 silly package data   dependencies: {
13 silly package data     '@hapi/boom': '^10.0.1',
13 silly package data     '@whiskeysockets/baileys': '^6.7.18',
13 silly package data     chalk: '^5.4.1',
13 silly package data     pino: '^9.7.0'
13 silly package data   },
13 silly package data   devDependencies: {},
13 silly package data   description: '',
13 silly package data   [Symbol(newline)]: '\n',
13 silly package data   [Symbol(indent)]: '  '
13 silly package data }
14 verbose cwd /data/data/com.termux/files/home/wa-bot
15 verbose os Linux 5.15.149-android13-8-00010-gc2e0ba41ba85-ab12040008
16 verbose node v22.15.1
17 verbose npm  v10.9.2
18 verbose exit 0
19 info ok
